statslab.cam.ac.uk - - [31/Dec/1999:10:11:12 +0000] "GET /sample.html HTTP/1.0" 200 1234 "http://referrer.com/" "Mozilla/4.0 (compatible; MSIE 4.01; Windows 98)"
statslab.cam.ac.uk - - [31/Dec/1999:11:11:12 +0000] "GET /sample.html HTTP/1.0" 200 1234 "http://referrer.com/" "Mozilla/4.0 (compatible; MSIE 4.01; Windows 98)"
statslab.cam.ac.uk - - [31/Dec/1999:12:11:12 +0000] "GET /sample.html HTTP/1.0" 200 1234 "http://referrer.com/" "Mozilla/4.0 (compatible; MSIE 4.01; Windows 98)"
statslab.cam.ac.uk - - [31/Dec/1999:14:11:12 +0000] "GET /sample.html HTTP/1.0" 200 1234 "http://referrer.com/" "Mozilla/4.0 (compatible; MSIE 4.01; Windows 98)"
statslab.cam.ac.uk - - [31/Dec/1999:15:11:12 +0000] "GET /sample.html HTTP/1.0" 200 1234 "http://referrer.com/" "Mozilla/4.0 (compatible; MSIE 4.01; Windows 98)"
statslab.cam.ac.uk - - [31/Dec/1999:17:11:12 +0000] "GET /sample.html HTTP/1.0" 200 1234 "http://referrer.com/" "Mozilla/4.0 (compatible; MSIE 4.01; Windows 98)"
statslab.cam.ac.uk - - [31/Dec/1999:18:11:12 +0000] "GET /sample.html HTTP/1.0" 200 1234 "http://referrer.com/" "Mozilla/4.0 (compatible; MSIE 4.01; Windows 98)"
statslab.cam.ac.uk - - [31/Dec/1999:20:11:12 +0000] "GET /sample.html HTTP/1.0" 200 1234 "http://referrer.com/" "Mozilla/4.0 (compatible; MSIE 4.01; Windows 98)"
statslab.cam.ac.uk - - [31/Dec/1999:21:11:12 +0000] "GET /sample.html HTTP/1.0" 200 1234 "http://referrer.com/" "Mozilla/4.0 (compatible; MSIE 4.01; Windows 98)"
host.analog.cx - - [31/Dec/1999:22:11:12 +0000] "GET /sample.html HTTP/1.0" 200 1234 "http://referrer.com/" "Mozilla/4.0 (compatible; MSIE 4.01; Windows 98)"
host.analog.cx - - [31/Dec/1999:23:11:12 +0000] "GET /sample.html HTTP/1.0" 200 1234 "http://referrer.com/" "Mozilla/4.0 (compatible; MSIE 4.01; Windows 98)"
host.analog.cx - - [01/Jan/2000:02:11:12 +0000] "GET /sample.html HTTP/1.0" 200 1234 "http://google.com/search?q=sample%20search" "Mozilla/4.0 (compatible; MSIE 4.01; Windows 98)"
host.analog.cx - - [01/Jan/2000:03:11:12 +0000] "GET /sample.html HTTP/1.0" 200 1234 "http://google.com/search?q=sample%20search" "Mozilla/4.0 (compatible; MSIE 4.01; Windows 98)"
host.analog.cx - - [01/Jan/2000:04:11:12 +0000] "GET /sample.html HTTP/1.0" 200 1234 "http://google.com/search?q=sample%20search" "Mozilla/4.0 (compatible; MSIE 4.01; Windows 98)"
host.analog.cx - - [01/Jan/2000:05:11:12 +0000] "GET /sample.html HTTP/1.0" 200 1234 "http://google.com/search?q=sample%20search" "Mozilla/4.0 (compatible; MSIE 4.01; Windows 98)"
host.analog.cx - - [01/Jan/2000:06:11:12 +0000] "GET /sample.html HTTP/1.0" 200 1234 "http://google.com/search?q=sample%20search" "Mozilla/4.0 (compatible; MSIE 4.01; Windows 98)"
host.analog.cx - - [01/Jan/2000:07:11:12 +0000] "GET /sample.html HTTP/1.0" 200 1234 "http://google.com/search?q=sample%20search" "Mozilla/4.0 (compatible; MSIE 4.01; Windows 98)"
host.analog.cx - - [01/Jan/2000:08:11:12 +0000] "GET /sample.html HTTP/1.0" 200 1234 "http://google.com/search?q=sample%20search" "Mozilla/4.0 (compatible; MSIE 4.01; Windows 98)"
host.analog.cx - - [01/Jan/2000:09:11:12 +0000] "GET /sample.html HTTP/1.0" 200 1234 "http://google.com/search?q=sample%20search" "Mozilla/4.0 (compatible; MSIE 4.01; Windows 98)"
host.analog.cx - - [01/Jan/2000:10:11:12 +0000] "GET /sample.html HTTP/1.0" 200 1234 "http://google.com/search?q=sample%20search" "Mozilla/4.0 (compatible; MSIE 4.01; Windows 98)"
host.analog.cx - - [01/Jan/2000:12:11:12 +0000] "GET /sample.html HTTP/1.0" 200 1234 "http://google.com/search?q=sample%20search" "Mozilla/4.0 (compatible; MSIE 4.01; Windows 98)"
host.analog.cx - - [02/Jan/2000:10:11:12 +0000] "GET /sample2.html HTTP/1.0" 200 1010 "http://google.com/search?q=sample%20search" "Mozilla/4.0 [en] (X11; I; Linux)"
host.analog.cx - - [02/Jan/2000:11:11:12 +0000] "GET /sample2.html HTTP/1.0" 200 1010 "http://google.com/search?q=sample%20search" "Mozilla/4.0 [en] (X11; I; Linux)"
host.analog.cx - - [02/Jan/2000:12:11:12 +0000] "GET /sample2.html HTTP/1.0" 200 1010 "http://google.com/search?q=sample%20search" "Mozilla/4.0 [en] (X11; I; Linux)"
host.analog.cx - - [02/Jan/2000:14:11:12 +0000] "GET /sample2.html HTTP/1.0" 200 1010 "http://google.com/search?q=sample%20search" "Mozilla/4.0 [en] (X11; I; Linux)"
statslab.cam.ac.uk - - [02/Jan/2000:15:11:12 +0000] "GET /sample2.html HTTP/1.0" 200 1010 "http://google.com/search?q=sample%20search" "Mozilla/4.0 [en] (X11; I; Linux)"
statslab.cam.ac.uk - - [02/Jan/2000:17:11:12 +0000] "GET /sample2.html HTTP/1.0" 200 1010 "http://google.com/search?q=sample%20search" "Mozilla/4.0 [en] (X11; I; Linux)"
statslab.cam.ac.uk - - [02/Jan/2000:18:11:12 +0000] "GET /sample2.html HTTP/1.0" 200 1010 "http://google.com/search?q=sample%20search" "Mozilla/4.0 [en] (X11; I; Linux)"
statslab.cam.ac.uk - - [02/Jan/2000:20:11:12 +0000] "GET /sample2.html HTTP/1.0" 200 1010 "http://google.com/search?q=sample%20search" "Mozilla/4.0 [en] (X11; I; Linux)"
statslab.cam.ac.uk - - [02/Jan/2000:21:11:12 +0000] "GET /sample2.html HTTP/1.0" 200 1010 "http://google.com/search?q=sample%20search" "Mozilla/4.0 [en] (X11; I; Linux)"
statslab.cam.ac.uk - - [02/Jan/2000:22:11:12 +0000] "GET /sample2.html HTTP/1.0" 200 1010 "http://google.com/search?q=sample%20search" "Mozilla/4.0 [en] (X11; I; Linux)"
statslab.cam.ac.uk - - [02/Jan/2000:23:11:12 +0000] "GET /sample2.html HTTP/1.0" 200 1010 "http://google.com/search?q=sample%20search" "Mozilla/4.0 [en] (X11; I; Linux)"
statslab.cam.ac.uk - - [03/Jan/2000:02:11:12 +0000] "GET /sample2.html HTTP/1.0" 200 1010 "http://google.com/search?q=sample%20search" "Mozilla/4.0 [en] (X11; I; Linux)"
statslab.cam.ac.uk - - [03/Jan/2000:03:11:12 +0000] "GET /sample2.html HTTP/1.0" 200 1010 "http://google.com/search?q=sample%20search" "Mozilla/4.0 [en] (X11; I; Linux)"
statslab.cam.ac.uk - - [03/Jan/2000:04:11:12 +0000] "GET /sample2.html HTTP/1.0" 200 1010 "http://google.com/search?q=sample%20search" "Mozilla/4.0 [en] (X11; I; Linux)"
statslab.cam.ac.uk - - [03/Jan/2000:05:11:12 +0000] "GET /sample2.html HTTP/1.0" 200 1010 "http://google.com/search?q=sample%20search" "Mozilla/4.0 [en] (X11; I; Linux)"
statslab.cam.ac.uk - - [03/Jan/2000:06:11:12 +0000] "GET /sample2.html HTTP/1.0" 200 1010 "http://google.com/search?q=sample%20search" "Mozilla/4.0 [en] (X11; I; Linux)"
statslab.cam.ac.uk - - [03/Jan/2000:07:11:12 +0000] "GET /sample2.html HTTP/1.0" 200 1010 "http://google.com/search?q=sample%20search" "Mozilla/4.0 [en] (X11; I; Linux)"
statslab.cam.ac.uk - - [03/Jan/2000:08:11:12 +0000] "GET /sample2.html HTTP/1.0" 200 1010 "http://google.com/search?q=sample%20search" "Mozilla/4.0 [en] (X11; I; Linux)"
statslab.cam.ac.uk - - [03/Jan/2000:09:11:12 +0000] "GET /sample2.html HTTP/1.0" 200 1010 "http://google.com/search?q=sample%20search" "Mozilla/4.0 [en] (X11; I; Linux)"
statslab.cam.ac.uk - - [03/Jan/2000:09:41:12 +0000] "GET /sample2.html HTTP/1.0" 200 1010 "http://google.com/search?q=sample%20search" "Mozilla/4.0 [en] (X11; I; Linux)"
statslab.cam.ac.uk - - [03/Jan/2000:10:11:12 +0000] "GET /dir/sample3.html HTTP/1.0" 200 987 "http://google.com/search?q=another%20search" "Mozilla/4.0 [en] (X11; I; Linux)"
statslab.cam.ac.uk - - [03/Jan/2000:10:11:12 +0000] "GET /images/sample3.jpg HTTP/1.0" 200 298 "http://www.statslab.cam.ac.uk/dir/sample3.html" "Mozilla/4.0 [en] (X11; I; Linux)"
statslab.cam.ac.uk - - [03/Jan/2000:12:11:12 +0000] "GET /dir/sample3.html HTTP/1.0" 200 987 "http://google.com/search?q=another%20search" "Mozilla/4.0 [en] (X11; I; Linux)"
statslab.cam.ac.uk - - [03/Jan/2000:10:11:12 +0000] "GET /images/sample3.jpg HTTP/1.0" 200 298 "http://www.statslab.cam.ac.uk/dir/sample3.html" "Mozilla/4.0 [en] (X11; I; Linux)"
statslab.cam.ac.uk - - [04/Jan/2000:11:11:12 +0000] "GET /notfound.html HTTP/1.0" 404 0 "http://badreferrer.com/" "Mozilla/4.0 [en] (X11; I; Linux)"
host.analog.cx - - [04/Jan/2000:11:21:12 +0000] "GET /failed.html HTTP/1.0" 404 0 "http://failedreferrer.com/" "Mozilla/4.0 [en] (X11; I; Linux)"
statslab.cam.ac.uk - - [04/Jan/2000:12:01:12 +0000] "GET /redirected.html HTTP/1.0" 301 0 "http://redirectedref.com/" "Mozilla/4.0 [en] (X11; I; Linux)"
host.analog.cx - - [04/Jan/2000:12:11:12 +0000] "GET /redir.html HTTP/1.0" 301 0 "http://redirref.com/" "Mozilla/4.0 [en] (X11; I; Linux)"
statslab.cam.ac.uk - - [04/Jan/2000:13:11:12 +0000] "GET /sample.html HTTP/1.0" 200 1234 "http://google.com/search?q=sample%20search" "Mozilla/4.0 [en] (X11; I; Linux)"
